0 info it worked if it ends with ok
1 verbose cli [ '/Users/chenlili/.nvm/versions/node/v6.9.1/bin/node',
1 verbose cli   '/Users/chenlili/.nvm/versions/node/v6.9.1/bin/npm',
1 verbose cli   'version',
1 verbose cli   'minor' ]
2 info using npm@3.10.8
3 info using node@v6.9.1
4 info git [ 'status', '--porcelain' ]
5 verbose stack Error: Git working directory not clean.
5 verbose stack M .gitignore
5 verbose stack M bin/geekjc-doc.js
5 verbose stack M index.js
5 verbose stack M lib/build.js
5 verbose stack M lib/clean.js
5 verbose stack M lib/init.js
5 verbose stack M lib/menu_json.js
5 verbose stack M lib/menu_update.js
5 verbose stack M lib/theme.js
5 verbose stack M lib/watch.js
5 verbose stack M package.json
5 verbose stack M theme/doc/head.ejs
5 verbose stack M theme/doc/header.ejs
5 verbose stack M theme/doc/layout.ejs
5 verbose stack M theme/doc/source/css/_partial/head_nav.styl
5 verbose stack     at /Users/chenlili/.nvm/versions/node/v6.9.1/lib/node_modules/npm/lib/version.js:247:19
5 verbose stack     at /Users/chenlili/.nvm/versions/node/v6.9.1/lib/node_modules/npm/lib/utils/no-progress-while-running.js:21:8
5 verbose stack     at ChildProcess.exithandler (child_process.js:197:7)
5 verbose stack     at emitTwo (events.js:106:13)
5 verbose stack     at ChildProcess.emit (events.js:191:7)
5 verbose stack     at maybeClose (internal/child_process.js:877:16)
5 verbose stack     at Socket.<anonymous> (internal/child_process.js:334:11)
5 verbose stack     at emitOne (events.js:96:13)
5 verbose stack     at Socket.emit (events.js:188:7)
5 verbose stack     at Pipe._handle.close [as _onclose] (net.js:498:12)
6 verbose cwd /Users/chenlili/owner-project/geekjc-doc
7 error Darwin 15.6.0
8 error argv "/Users/chenlili/.nvm/versions/node/v6.9.1/bin/node" "/Users/chenlili/.nvm/versions/node/v6.9.1/bin/npm" "version" "minor"
9 error node v6.9.1
10 error npm  v3.10.8
11 error Git working directory not clean.
11 error M .gitignore
11 error M bin/geekjc-doc.js
11 error M index.js
11 error M lib/build.js
11 error M lib/clean.js
11 error M lib/init.js
11 error M lib/menu_json.js
11 error M lib/menu_update.js
11 error M lib/theme.js
11 error M lib/watch.js
11 error M package.json
11 error M theme/doc/head.ejs
11 error M theme/doc/header.ejs
11 error M theme/doc/layout.ejs
11 error M theme/doc/source/css/_partial/head_nav.styl
12 error If you need help, you may report this error at:
12 error     <https://github.com/npm/npm/issues>
13 verbose exit [ 1, true ]
